target-feature-tests: PASS
regression-baseline: PASS

# Sprint 2 Green Phase Evidence
# Generated: 2026-05-07
# Feature: capture-auto-save
# Phase: 2b (TDD Green) + 2c (Refactor)

## Summary

target-feature-tests: PASS
  - All 154 tests pass (0 fail)
  - 4 todo entries (PROP-027 cross-context placeholders — expected)
  - All Sprint 2 new tests green: prop-024, prop-025, prop-026, prop-028,
    factory-build-validated-save-request, step1 sprint-2 additions,
    prop-001/002/003/004 sprint-2 block-based updates

regression-baseline: PASS
  - All Sprint 1 baseline tests still pass
  - pipeline.test.ts: 20 pass
  - step2-serialize-note.test.ts: 7 pass
  - step3-write-markdown.test.ts: all pass
  - step4-update-projections.test.ts: 5 pass
  - prop-005, prop-014, prop-027 harness tests pass

## Full Test Run Output

bun test v1.3.11 (af24e281)

 154 pass
 4 todo
 0 fail
 191 expect() calls
Ran 158 tests across 17 files. [426.00ms]

## New modules created (Phase 2b)

  1. serialize-blocks-to-markdown.ts — serializeBlocksToMarkdown(blocks): string
  2. parse-markdown-to-blocks.ts — parseMarkdownToBlocks(md): Result<Block[], BlockParseError>
  3. note-is-empty.ts — noteIsEmpty(note): boolean (Revision 4 broader rule)
  4. build-validated-save-request.ts — buildValidatedSaveRequest factory

## Updated existing modules (Phase 2b)

  5. prepare-save-request.ts — switched to buildValidatedSaveRequest factory,
     sets request.blocks + derived body atomically
  6. pipeline.ts — added blocks to SaveNoteRequested + NoteFileSaved,
     exported canonicalCaptureAutoSave typed as CaptureAutoSave
  7. serialize-note.ts — no changes needed (uses request.body correctly)

## Phase 2c Refactor applied

  - serialize-blocks-to-markdown.ts: extracted serializeBlock(block) per-type helper
  - note-is-empty.ts: exposed isEmptyOrWhitespaceContent as named export
  - prepare-save-request.ts: removed dead code (inline object literal + cast)
  - Tests updated for regression compatibility: added blocks to Note construction,
    fixed SaveFailedState.pendingNextNoteId → pendingNextFocus,
    fixed fc.oneof weighted API in prop-026,
    fixed test.todo single-arg TS issue in prop-027

## Post-FIND-022/024/025 follow-up

target-feature-tests: PASS
regression-baseline: PASS

### Changes applied

FIND-022 (BEAD-074) — PROP-026 roundtrip generator extended to all 8 BlockTypes:
  - prop-026-blocks-markdown-roundtrip.harness.test.ts:
    - Added arbParagraphBlock() with prefix-collision filter (paragraph content must not
      start with recognized Markdown prefixes "# ", "## ", "### ", "- ", "1. ", "> ", "---", "```")
    - Added arbTypedInlineBlock() covering heading-1/2/3, bullet, numbered, quote
    - Added arbCodeBlock() for multi-line code content (excludes triple-backtick in content)
    - Extended arbInlineBlock() to use oneof(paragraph, typed-inline)
    - Added 15 example-based tests: heading-1/2/3, prefix-ordering, bullet,
      bullet with digit-start, numbered, numbered+bullet joiner, code (single/multi/empty),
      quote, paragraph+quote with no prefix collision
  - Total: 20 tests (was previously fewer, but test count matches new file structure)

FIND-024 (BEAD-076) — PROP-025 NBSP and full-width space coverage:
  - prop-025-isempty-block-rule.harness.test.ts:
    - Added isEmptyOrWhitespaceContent to import (no longer just noteIsEmpty)
    - Extended arbEmptyCompatibleBlock whitespace generator: added NBSP (U+00A0),
      ideographic space (U+3000), mixed Unicode whitespace
    - Replaced tautological inline-predicate test with 5 tests using actual exported
      isEmptyOrWhitespaceContent: ASCII whitespace, Unicode whitespace, negative cases
    - Added 4 isEmpty integration tests: NBSP → true, full-width → true,
      NBSP+"a" → false, "a"+full-width → false
  - Total: 32 tests (was 28 before)

FIND-025 (BEAD-077) — Unused import removed from pipeline.ts:
  - Removed `import { serializeBlocksToMarkdown } from "./serialize-blocks-to-markdown.js"` (line 35)
  - No functional change — import was stale dead code from Sprint 2 refactor

### Full test run output

bun test v1.3.11 (af24e281)

 173 pass
 4 todo
 0 fail
 226 expect() calls
Ran 177 tests across 17 files. [404.00ms]

All 173 tests pass (19 new tests added vs 154 baseline).
4 todo entries unchanged (PROP-027 cross-context placeholders).
BEAD-074, BEAD-076, BEAD-077 marked resolved.
BEAD-073 (FIND-021), BEAD-075 (FIND-023) remain open (by-design, no action).
