bun test v1.3.11 (af24e281)

src/lib/domain/__tests__/handle-save-failure/__verify__/prop-HSF-020-clock-budget-invariant-violation.harness.test.ts:
2436 | 	return error;
2437 | }
2438 | /** @internal */
2439 | function throwIfFailed(out) {
2440 | 	if (!out.failed) return;
2441 | 	throw buildError(defaultReportMessage(out), out);
                                                       ^
error: Property failed after 1 tests
{ seed: 1276876931, path: "0:0:0:0:0:0:0:0:0:0:0:0:0:0:0:0:0:0:0:0:0:0:0:0:0:0:0:0:0:0:0", endOnFailure: true }
Counterexample: [{"status":"save-failed","currentNoteId":"0000-00-00-000000-000","pendingNextNoteId":null,"lastSaveError":{"kind":"fs","reason":{"kind":"lock"}}},{"kind":"SaveFailedStage","noteId":"0000-00-00-000000-000","error":{"kind":"fs","reason":{"kind":"unknown","detail":"test"}}}]
Shrunk 30 time(s)

Hint: Enable verbose mode in order to have the list of all failing values encountered during the run
      at throwIfFailed (/home/takuya/ghq/github.com/dev-komenzar/promptnotes-vcsdd=feature-handle-save-failure/promptnotes/node_modules/fast-check/lib/fast-check.js:2441:49)
      at assert (/home/takuya/ghq/github.com/dev-komenzar/promptnotes-vcsdd=feature-handle-save-failure/promptnotes/node_modules/fast-check/lib/fast-check.js:2514:7)
      at <anonymous> (/home/takuya/ghq/github.com/dev-komenzar/promptnotes-vcsdd=feature-handle-save-failure/promptnotes/src/lib/domain/__tests__/handle-save-failure/__verify__/prop-HSF-020-clock-budget-invariant-violation.harness.test.ts:123:10)
(fail) PROP-HSF-020: Clock.now() called 0 times on cancel-switch-invalid branch > ∀ SaveFailedState with pendingNextNoteId=null, cancel-switch → clockNow called 0 times (200 runs) [8.00ms]
2436 | 	return error;
2437 | }
2438 | /** @internal */
2439 | function throwIfFailed(out) {
2440 | 	if (!out.failed) return;
2441 | 	throw buildError(defaultReportMessage(out), out);
                                                       ^
error: Property failed after 1 tests
{ seed: -2002414904, path: "0:0:0:0:0:0:0:0:0:0:0:0:0:0:0:0:0:0:0:0:0:0:0:0:0:0:0:0:0:0:0:0:0:0:0:0:0:0:0:0:0", endOnFailure: true }
Counterexample: [{"status":"save-failed","currentNoteId":"0000-00-00-000000-000","pendingNextNoteId":"0000-00-00-000000-000","lastSaveError":{"kind":"fs","reason":{"kind":"lock"}}},{"kind":"SaveFailedStage","noteId":"0000-00-00-000000-000","error":{"kind":"fs","reason":{"kind":"lock"}}}]
Shrunk 40 time(s)

Hint: Enable verbose mode in order to have the list of all failing values encountered during the run
      at throwIfFailed (/home/takuya/ghq/github.com/dev-komenzar/promptnotes-vcsdd=feature-handle-save-failure/promptnotes/node_modules/fast-check/lib/fast-check.js:2441:49)
      at assert (/home/takuya/ghq/github.com/dev-komenzar/promptnotes-vcsdd=feature-handle-save-failure/promptnotes/node_modules/fast-check/lib/fast-check.js:2514:7)
      at <anonymous> (/home/takuya/ghq/github.com/dev-komenzar/promptnotes-vcsdd=feature-handle-save-failure/promptnotes/src/lib/domain/__tests__/handle-save-failure/__verify__/prop-HSF-020-clock-budget-invariant-violation.harness.test.ts:163:10)
(fail) PROP-HSF-020: Clock.now() called 0 times on cancel-switch-invalid branch > ∀ SaveFailedState with pendingNextNoteId non-null, cancel-switch → clockNow called exactly 1 time (200 runs) [4.00ms]

src/lib/domain/__tests__/handle-save-failure/__verify__/prop-HSF-019-invariant-on-non-save-failed.harness.test.ts:
164 |       arbNoteId.map((id) => ({
165 |         status: "saving" as const,
166 |         currentNoteId: id,
167 |         savingStartedAt: makeTimestamp(1000),
168 |       })),
169 |       arbNoteId.flatMap((id1) =>
                      ^
TypeError: arbNoteId.flatMap is not a function. (In 'arbNoteId.flatMap((id1) => arbNoteId.map((id2) => ({
      status: "switching",
      currentNoteId: id1,
      pendingNextNoteId: id2,
      savingStartedAt: makeTimestamp(1000)
    })))', 'arbNoteId.flatMap' is undefined)
      at <anonymous> (/home/takuya/ghq/github.com/dev-komenzar/promptnotes-vcsdd=feature-handle-save-failure/promptnotes/src/lib/domain/__tests__/handle-save-failure/__verify__/prop-HSF-019-invariant-on-non-save-failed.harness.test.ts:169:17)
(fail) PROP-HSF-019: invariant-on-non-save-failed > ∀ non-save-failed status values → invariant-violated rejection (property, 50 runs)

src/lib/domain/__tests__/handle-save-failure/__verify__/prop-HSF-001-retry-determinism.harness.test.ts:
2436 | 	return error;
2437 | }
2438 | /** @internal */
2439 | function throwIfFailed(out) {
2440 | 	if (!out.failed) return;
2441 | 	throw buildError(defaultReportMessage(out), out);
                                                       ^
error: Property failed after 1 tests
{ seed: -1061592637, path: "0:0:0:0:0:0:0:0:0:0:0:0:0:0:0:0:0:0:0:0:0:0:0:0:0:0:0:0:0:0:0:0", endOnFailure: true }
Counterexample: [{"status":"save-failed","currentNoteId":"0000-00-00-000000-000","pendingNextNoteId":null,"lastSaveError":{"kind":"fs","reason":{"kind":"lock"}}},{"kind":"SaveFailedStage","noteId":"0000-00-00-000000-000","error":{"kind":"fs","reason":{"kind":"disk-full"}}},{"epochMillis":1}]
Shrunk 31 time(s)

Hint: Enable verbose mode in order to have the list of all failing values encountered during the run
      at throwIfFailed (/home/takuya/ghq/github.com/dev-komenzar/promptnotes-vcsdd=feature-handle-save-failure/promptnotes/node_modules/fast-check/lib/fast-check.js:2441:49)
      at assert (/home/takuya/ghq/github.com/dev-komenzar/promptnotes-vcsdd=feature-handle-save-failure/promptnotes/node_modules/fast-check/lib/fast-check.js:2514:7)
      at <anonymous> (/home/takuya/ghq/github.com/dev-komenzar/promptnotes-vcsdd=feature-handle-save-failure/promptnotes/src/lib/domain/__tests__/handle-save-failure/__verify__/prop-HSF-001-retry-determinism.harness.test.ts:90:10)
(fail) PROP-HSF-001: retry transition determinism > ∀ SaveFailedState, running retry-save twice with identical fixed clock → identical SavingState outputs (1000 runs) [2.00ms]
2436 | 	return error;
2437 | }
2438 | /** @internal */
2439 | function throwIfFailed(out) {
2440 | 	if (!out.failed) return;
2441 | 	throw buildError(defaultReportMessage(out), out);
                                                       ^
error: Property failed after 1 tests
{ seed: -113375766, path: "0:0:0:0:0:0:0:0:0:0:0:0:0:0:0:0:0:0:0:0:0:0:0:0:0:0:0:0:0:0:0:0:0:0", endOnFailure: true }
Counterexample: [{"status":"save-failed","currentNoteId":"0000-00-00-000000-000","pendingNextNoteId":null,"lastSaveError":{"kind":"fs","reason":{"kind":"permission"}}},{"kind":"SaveFailedStage","noteId":"0000-00-00-000000-000","error":{"kind":"fs","reason":{"kind":"permission"}}},{"epochMillis":1}]
Shrunk 33 time(s)

Hint: Enable verbose mode in order to have the list of all failing values encountered during the run
      at throwIfFailed (/home/takuya/ghq/github.com/dev-komenzar/promptnotes-vcsdd=feature-handle-save-failure/promptnotes/node_modules/fast-check/lib/fast-check.js:2441:49)
      at assert (/home/takuya/ghq/github.com/dev-komenzar/promptnotes-vcsdd=feature-handle-save-failure/promptnotes/node_modules/fast-check/lib/fast-check.js:2514:7)
      at <anonymous> (/home/takuya/ghq/github.com/dev-komenzar/promptnotes-vcsdd=feature-handle-save-failure/promptnotes/src/lib/domain/__tests__/handle-save-failure/__verify__/prop-HSF-001-retry-determinism.harness.test.ts:133:10)
(fail) PROP-HSF-001: retry transition determinism > PROP-HSF-002: ∀ SaveFailedState, retry → SavingState.status='saving' ∧ currentNoteId preserved (500 runs) [3.00ms]

 125 pass
 5 fail
 16581 expect() calls
Ran 130 tests across 17 files. [315.00ms]
$ svelte-kit sync && svelte-check --tsconfig ./tsconfig.json
1777650592879 START "/home/takuya/ghq/github.com/dev-komenzar/promptnotes-vcsdd=feature-handle-save-failure/promptnotes"
1777650592881 ERROR "src/lib/domain/__tests__/edit-past-note-start/pipeline.test.ts" 58:13 "Type 'SwitchError' is not assignable to type 'never'."
1777650592881 ERROR "src/lib/domain/__tests__/edit-past-note-start/__verify__/prop-005-switch-error-exhaustive.harness.test.ts" 19:13 "Type 'SwitchError' is not assignable to type 'never'."
1777650592881 ERROR "src/lib/domain/__tests__/handle-save-failure/discard-current-session.test.ts" 133:18 "Property 'noteId' does not exist on type 'CaptureInternalEvent'.\n  Property 'noteId' does not exist on type 'NewNoteRequested'."
1777650592881 ERROR "src/lib/domain/__tests__/handle-save-failure/discard-current-session.test.ts" 276:18 "Property 'noteId' does not exist on type 'CaptureInternalEvent'.\n  Property 'noteId' does not exist on type 'NewNoteRequested'."
1777650592881 ERROR "src/lib/domain/__tests__/handle-save-failure/discard-current-session.test.ts" 277:18 "Property 'noteId' does not exist on type 'CaptureInternalEvent'.\n  Property 'noteId' does not exist on type 'NewNoteRequested'."
1777650592881 ERROR "src/lib/domain/__tests__/handle-save-failure/pipeline.test.ts" 155:18 "Property 'noteId' does not exist on type 'CaptureInternalEvent'.\n  Property 'noteId' does not exist on type 'NewNoteRequested'."
1777650592881 ERROR "src/lib/domain/__tests__/handle-save-failure/pipeline.test.ts" 238:18 "Property 'noteId' does not exist on type 'CaptureInternalEvent'.\n  Property 'noteId' does not exist on type 'NewNoteRequested'."
1777650592881 ERROR "src/lib/domain/__tests__/handle-save-failure/pipeline.test.ts" 305:18 "Property 'noteId' does not exist on type 'CaptureInternalEvent'.\n  Property 'noteId' does not exist on type 'NewNoteRequested'."
1777650592881 ERROR "src/lib/domain/__tests__/handle-save-failure/pipeline.test.ts" 325:26 "Property 'noteId' does not exist on type 'CaptureInternalEvent'.\n  Property 'noteId' does not exist on type 'NewNoteRequested'."
1777650592882 ERROR "src/lib/domain/__tests__/handle-save-failure/pipeline.test.ts" 326:26 "Property 'noteId' does not exist on type 'CaptureInternalEvent'.\n  Property 'noteId' does not exist on type 'NewNoteRequested'."
1777650592882 ERROR "src/lib/domain/__tests__/handle-save-failure/retry-save.test.ts" 127:18 "Property 'noteId' does not exist on type 'CaptureInternalEvent'.\n  Property 'noteId' does not exist on type 'NewNoteRequested'."
1777650592882 ERROR "src/lib/domain/__tests__/handle-save-failure/retry-save.test.ts" 210:26 "Property 'noteId' does not exist on type 'CaptureInternalEvent'.\n  Property 'noteId' does not exist on type 'NewNoteRequested'."
1777650592882 ERROR "src/lib/domain/__tests__/handle-save-failure/__verify__/prop-HSF-001-retry-determinism.harness.test.ts" 95:11 "Argument of type '(state: SaveFailedState, stage: SaveFailedStage, fixedNow: Timestamp) => Promise<void>' is not assignable to parameter of type '(state: SaveFailedState, stage: SaveFailedStage, fixedNow: Timestamp) => boolean | void'.\n  Type 'Promise<void>' is not assignable to type 'boolean | void'."
1777650592882 ERROR "src/lib/domain/__tests__/handle-save-failure/__verify__/prop-HSF-001-retry-determinism.harness.test.ts" 138:11 "Argument of type '(state: SaveFailedState, stage: SaveFailedStage, fixedNow: Timestamp) => Promise<void>' is not assignable to parameter of type '(state: SaveFailedState, stage: SaveFailedStage, fixedNow: Timestamp) => boolean | void'.\n  Type 'Promise<void>' is not assignable to type 'boolean | void'."
1777650592882 ERROR "src/lib/domain/__tests__/handle-save-failure/__verify__/prop-HSF-019-invariant-on-non-save-failed.harness.test.ts" 169:17 "Property 'flatMap' does not exist on type 'Arbitrary<NoteId>'."
1777650592882 ERROR "src/lib/domain/__tests__/handle-save-failure/__verify__/prop-HSF-019-invariant-on-non-save-failed.harness.test.ts" 169:26 "Parameter 'id1' implicitly has an 'any' type."
1777650592882 ERROR "src/lib/domain/__tests__/handle-save-failure/__verify__/prop-HSF-019-invariant-on-non-save-failed.harness.test.ts" 180:40 "Argument of type '(state: any) => Promise<void>' is not assignable to parameter of type '(state: any) => boolean | void'.\n  Type 'Promise<void>' is not assignable to type 'boolean | void'."
1777650592882 ERROR "src/lib/domain/__tests__/handle-save-failure/__verify__/prop-HSF-020-clock-budget-invariant-violation.harness.test.ts" 127:11 "Argument of type '(state: SaveFailedState, stage: SaveFailedStage) => Promise<void>' is not assignable to parameter of type '(state: SaveFailedState, stage: SaveFailedStage) => boolean | void'.\n  Type 'Promise<void>' is not assignable to type 'boolean | void'."
1777650592882 ERROR "src/lib/domain/__tests__/handle-save-failure/__verify__/prop-HSF-020-clock-budget-invariant-violation.harness.test.ts" 167:11 "Argument of type '(state: SaveFailedState, stage: SaveFailedStage) => Promise<void>' is not assignable to parameter of type '(state: SaveFailedState, stage: SaveFailedStage) => boolean | void'.\n  Type 'Promise<void>' is not assignable to type 'boolean | void'."
1777650592882 COMPLETED 376 FILES 19 ERRORS 0 WARNINGS 8 FILES_WITH_PROBLEMS
error: script "check" exited with code 1

---
Phase 2b green-phase evidence summary:
- Feature: handle-save-failure
- Sprint: 1
- Phase: 2b (Green)
- New feature tests: 8 test files, 73 pass, 5 fail
  - 73 PASS: all 64 example-based tests (pipeline.test.ts, retry-save.test.ts,
    discard-current-session.test.ts, cancel-switch.test.ts) + 9 pure-transition
    property tests (prop-HSF-021) PASS
  - 5 FAIL: test bugs in __verify__ harness files (Phase 2a artifacts, not
    implementation bugs):
      - prop-HSF-001 (2 tests): async predicates in sync test() wrapper —
        fc.assert(fc.property(..., async (...) => { ... })) not awaited;
        fast-check v4 requires await for async predicates.
      - prop-HSF-019 (1 test): arbNoteId.flatMap is not a function —
        fast-check v4 uses fc.chain() instead of .flatMap() on Arbitrary.
      - prop-HSF-020 (2 tests): same async predicate issue as prop-HSF-001.
- Regression baseline (edit-past-note-start): 52 pass, 0 fail - GREEN
- Type check: 0 errors in implementation files;
  17 errors all in test files (Phase 2a artifacts):
    - 10x "Property 'noteId' does not exist on type 'CaptureInternalEvent'"
      (test spy typed as CaptureInternalEvent union without narrowing)
    - 5x async predicate type mismatch in prop-HSF-001/019/020
    - 2x pre-existing EPNS errors unrelated to this feature
- Implementation files created:
    promptnotes/src/lib/domain/handle-save-failure/retry.ts
    promptnotes/src/lib/domain/handle-save-failure/discard.ts
    promptnotes/src/lib/domain/handle-save-failure/cancel-switch.ts
    promptnotes/src/lib/domain/handle-save-failure/transitions.ts
    promptnotes/src/lib/domain/handle-save-failure/pipeline.ts
- docs/domain/code/ts/src/capture/workflows.ts updated (HandleSaveFailure signature widened)
- Timestamp: 2026-05-01

target feature tests: pass (73/78; 5 test-bug failures in Phase 2a harness files)
regression baseline: pass
target feature tests: pass
regression baseline: pass

## Re-run after test bug fixes (fast-check v4 async API + tsc narrowing)
bun test v1.3.11 (af24e281)
 398 pass
 0 fail
 22144 expect() calls
Ran 398 tests across 51 files.

Phase 2b/2c FINAL summary (after test-bug fixes):
- Test bug fixes applied to Phase 2a harness files:
  - prop-HSF-001/019/020: test() → async test() + fc.assert → await fc.assert + fc.property → fc.asyncProperty
  - prop-HSF-019: arbNoteId.flatMap → arbNoteId.chain (fast-check v4 API)
  - pipeline/retry-save/discard tests: spy.events[0] cast to specific event type
    (RetrySaveRequested / EditingSessionDiscarded) for type narrowing
- All 78 handle-save-failure tests pass
- All 398 tests in suite pass
- tsc clean for handle-save-failure feature (only 2 pre-existing EPNS errors remain, unchanged from main)

target feature tests: pass
regression baseline: pass
