VCSDD red-phase evidence — configure-vault sprint 1

new-feature-tests: failing
regression-baseline: passing

Summary: all 8 configure-vault test files fail at module-load because $lib/domain/configure-vault/* does not exist (pipeline.ts, validate-and-transition.ts, map-stat-dir-result.ts, map-settings-save-error.ts)

bun test v1.3.11 (af24e281)

src/lib/domain/__tests__/configure-vault/pipeline.test.ts:

# Unhandled error between tests
-------------------------------
error: Cannot find module '$lib/domain/configure-vault/pipeline' from '/home/takuya/ghq/github.com/dev-komenzar/promptnotes-vcsdd=feature-configure-vault/promptnotes/src/lib/domain/__tests__/configure-vault/pipeline.test.ts'
-------------------------------


src/lib/domain/__tests__/configure-vault/map-stat-dir-result.test.ts:

# Unhandled error between tests
-------------------------------
error: Cannot find module '$lib/domain/configure-vault/map-stat-dir-result' from '/home/takuya/ghq/github.com/dev-komenzar/promptnotes-vcsdd=feature-configure-vault/promptnotes/src/lib/domain/__tests__/configure-vault/map-stat-dir-result.test.ts'
-------------------------------


src/lib/domain/__tests__/configure-vault/map-settings-save-error.test.ts:

# Unhandled error between tests
-------------------------------
error: Cannot find module '$lib/domain/configure-vault/map-settings-save-error' from '/home/takuya/ghq/github.com/dev-komenzar/promptnotes-vcsdd=feature-configure-vault/promptnotes/src/lib/domain/__tests__/configure-vault/map-settings-save-error.test.ts'
-------------------------------


src/lib/domain/__tests__/configure-vault/validate-and-transition.test.ts:

# Unhandled error between tests
-------------------------------
error: Cannot find module '$lib/domain/configure-vault/validate-and-transition' from '/home/takuya/ghq/github.com/dev-komenzar/promptnotes-vcsdd=feature-configure-vault/promptnotes/src/lib/domain/__tests__/configure-vault/validate-and-transition.test.ts'
-------------------------------


src/lib/domain/__tests__/configure-vault/__verify__/prop-cv-005-event-emission-discipline.harness.test.ts:

# Unhandled error between tests
-------------------------------
error: Cannot find module '$lib/domain/configure-vault/pipeline' from '/home/takuya/ghq/github.com/dev-komenzar/promptnotes-vcsdd=feature-configure-vault/promptnotes/src/lib/domain/__tests__/configure-vault/__verify__/prop-cv-005-event-emission-discipline.harness.test.ts'
-------------------------------


src/lib/domain/__tests__/configure-vault/__verify__/prop-cv-008-ordering.harness.test.ts:

# Unhandled error between tests
-------------------------------
error: Cannot find module '$lib/domain/configure-vault/pipeline' from '/home/takuya/ghq/github.com/dev-komenzar=feature-configure-vault/promptnotes/src/lib/domain/__tests__/configure-vault/__verify__/prop-cv-008-ordering.harness.test.ts'
-------------------------------


src/lib/domain/__tests__/configure-vault/__verify__/prop-cv-007b-no-unconfigured-from-pipeline.harness.test.ts:

# Unhandled error between tests
-------------------------------
error: Cannot find module '$lib/domain/configure-vault/pipeline' from '/home/takuya/ghq/github.com/dev-komenzar/promptnotes-vcsdd=feature-configure-vault/promptnotes/src/lib/domain/__tests__/configure-vault/__verify__/prop-cv-007b-no-unconfigured-from-pipeline.harness.test.ts'
-------------------------------


src/lib/domain/__tests__/configure-vault/__verify__/prop-cv-001-port-call-budget.harness.test.ts:

# Unhandled error between tests
-------------------------------
error: Cannot find module '$lib/domain/configure-vault/pipeline' from '/home/takuya/ghq/github.com/dev-komenzar/promptnotes-vcsdd=feature-configure-vault/promptnotes/src/lib/domain/__tests__/configure-vault/__verify__/prop-cv-001-port-call-budget.harness.test.ts'
-------------------------------


 0 pass
 8 fail
 8 errors
Ran 8 tests across 8 files. [12.00ms]

--- Full suite (baseline verification) ---

 320 pass
 8 fail
 8 errors
 11114 expect() calls
Ran 328 tests across 51 files. [688.00ms]
